<?xml version="1.0" encoding="UTF-8"?>
<!-- Generated by org.testng.reporters.JUnitReportReporter -->
<testsuite skipped="0" hostname="Brians-MacBook-Pro.local" name="automationFramework.TestNG_imgur" tests="1" failures="0" timestamp="08 Aug 2017 22:48:09 GMT" time="9.989" errors="0">
  <testcase name="test_1" time="9.989" classname="automationFramework.TestNG_imgur"/>
</testsuite> <!-- automationFramework.TestNG_imgur -->
