<?xml version="1.0" encoding="UTF-8"?>
<!-- Generated by org.testng.reporters.JUnitReportReporter -->
<testsuite skipped="0" hostname="Brians-MacBook-Pro.local" name="automationFramework.TestNG_wikipedia" tests="3" failures="0" timestamp="08 Aug 2017 15:40:05 GMT" time="12.224" errors="0">
  <testcase name="test_1" time="3.023" classname="automationFramework.TestNG_wikipedia"/>
  <testcase name="test_2" time="4.573" classname="automationFramework.TestNG_wikipedia"/>
  <testcase name="test_3" time="4.628" classname="automationFramework.TestNG_wikipedia"/>
</testsuite> <!-- automationFramework.TestNG_wikipedia -->
